Array
(
)
Array
(
)
Array
(
)
Array
(
)
Array
(
    [order_id] => order_PrFPmO6tmTlwhe
    [payment_id] => pay_PrFPy0TMmfjHnR
    [amount] => 60000
    [maintenance_id] => 1
)
Array
(
    [order_id] => order_PrFoxsiukUOLm7
    [payment_id] => pay_PrFpCqCGfIeCcy
    [amount] => 70000
    [maintenance_id] => 5
)
Array
(
    [order_id] => order_Ps4AlslTvLqgw4
    [payment_id] => pay_Ps4AvM5Ihv65dh
    [amount] => 105000
    [maintenance_id] => 6
)
Array
(
    [order_id] => order_Ps4HjDFlDj2kMV
    [payment_id] => pay_Ps4HuJmKKZuCve
    [amount] => 70000
    [maintenance_id] => 10
)
Array
(
    [order_id] => order_PsJYZE2P5D99va
    [payment_id] => pay_PsJYpM4K7E3edP
    [amount] => 105000
    [maintenance_id] => 8
)
Array
(
    [order_id] => order_PsTTQcxWMy9g3M
    [payment_id] => pay_PsTU16WXCGyiVo
    [amount] => 105000
    [maintenance_id] => 11
)
